\BOOKMARK [0][-]{section*.3}{\376\377\004\022\004\062\004\065\004\064\004\065\004\075\004\070\004\065}{}% 1
\BOOKMARK [0][-]{chapter.1}{\376\377\004\042\004\065\004\076\004\100\004\065\004\102\004\070\004\072\004\076\000-\004\060\004\075\004\060\004\073\004\070\004\102\004\070\004\107\004\065\004\101\004\072\004\060\004\117\000\040\004\107\004\060\004\101\004\102\004\114}{}% 2
\BOOKMARK [1][-]{section.1.1}{\376\377\004\037\004\076\004\101\004\102\004\060\004\075\004\076\004\062\004\072\004\060\000\040\004\067\004\060\004\064\004\060\004\107\004\070}{chapter.1}% 3
\BOOKMARK [1][-]{section.1.2}{\376\377\004\036\004\061\004\067\004\076\004\100\000\040\004\073\004\070\004\102\004\065\004\100\004\060\004\102\004\103\004\100\004\113}{chapter.1}% 4
\BOOKMARK [1][-]{section.1.3}{\376\377\004\036\004\061\004\067\004\076\004\100\000\040\004\072\004\076\004\100\004\077\004\103\004\101\004\076\004\062\000\040\004\064\004\073\004\117\000\040\004\067\004\060\004\064\004\060\004\107\004\070\000\040\000N\000E\000R}{chapter.1}% 5
\BOOKMARK [2][-]{subsection.1.3.1}{\376\377\004\041\004\105\004\065\004\074\004\113\000\040\004\100\004\060\004\067\004\074\004\065\004\102\004\072\004\070\000\040\004\072\004\076\004\100\004\077\004\103\004\101\004\060}{section.1.3}% 6
\BOOKMARK [1][-]{section.1.4}{\376\377\004\036\004\061\004\067\004\076\004\100\000\040\004\075\004\065\004\071\004\100\004\076\004\101\004\065\004\102\004\065\004\062\004\076\004\063\004\076\000\040\004\077\004\076\004\064\004\105\004\076\004\064\004\060\000\040\004\072\000\040\004\100\004\065\004\110\004\065\004\075\004\070\004\116\000\040\004\067\004\060\004\064\004\060\004\107\004\070\000\040\000N\000E\000R}{chapter.1}% 7
\BOOKMARK [2][-]{subsection.1.4.1}{\376\377\004\022\004\065\004\072\004\102\004\076\004\100\004\075\004\113\004\065\000\040\004\077\004\100\004\065\004\064\004\101\004\102\004\060\004\062\004\073\004\065\004\075\004\070\004\117\000\040\004\101\004\073\004\076\004\062}{section.1.4}% 8
\BOOKMARK [2][-]{subsection.1.4.2}{\376\377\004\036\004\077\004\070\004\101\004\060\004\075\004\070\004\065\000\040\004\075\004\065\004\071\004\100\004\076\004\101\004\065\004\102\004\065\004\062\004\113\004\105\000\040\004\074\004\076\004\064\004\065\004\073\004\065\004\071}{section.1.4}% 9
\BOOKMARK [3][-]{subsubsection.1.4.2.1}{\376\377\004\036\004\072\004\076\004\075\004\075\004\060\004\117\000\040\004\074\004\076\004\064\004\065\004\073\004\114}{subsection.1.4.2}% 10
\BOOKMARK [3][-]{subsubsection.1.4.2.2}{\376\377\004\041\004\062\004\065\004\100\004\102\004\076\004\107\004\075\004\060\004\117\000\040\004\074\004\076\004\064\004\065\004\073\004\114}{subsection.1.4.2}% 11
\BOOKMARK [2][-]{subsection.1.4.3}{\376\377\004\022\004\113\004\061\004\076\004\100\000\040\004\074\004\065\004\102\004\076\004\064\004\060\000\040\004\100\004\065\004\110\004\065\004\075\004\070\004\117\000\040\004\067\004\060\004\064\004\060\004\107\004\070}{section.1.4}% 12
\BOOKMARK [1][-]{section.1.5}{\376\377\004\041\004\070\004\075\004\102\004\060\004\072\004\102\004\070\004\072\004\076\000-\004\101\004\065\004\074\004\060\004\075\004\102\004\070\004\107\004\065\004\101\004\072\004\070\004\065\000\040\004\077\004\100\004\070\004\067\004\075\004\060\004\072\004\070}{chapter.1}% 13
\BOOKMARK [0][-]{chapter.2}{\376\377\004\037\004\100\004\076\004\065\004\072\004\102\004\075\004\060\004\117\000\040\004\107\004\060\004\101\004\102\004\114}{}% 14
\BOOKMARK [1][-]{section.2.1}{\376\377\004\020\004\073\004\063\004\076\004\100\004\070\004\102\004\074\004\070\004\067\004\060\004\106\004\070\004\117\000\040\004\062\004\113\004\061\004\100\004\060\004\075\004\075\004\076\004\063\004\076\000\040\004\074\004\065\004\102\004\076\004\064\004\060\000\040\004\100\004\065\004\110\004\065\004\075\004\070\004\117\000\040\004\067\004\060\004\064\004\060\004\107\004\070\000\040}{chapter.2}% 15
\BOOKMARK [1][-]{section.2.2}{\376\377\004\037\004\100\004\076\004\063\004\100\004\060\004\074\004\074\004\075\004\060\004\117\000\040\004\107\004\060\004\101\004\102\004\114}{chapter.2}% 16
\BOOKMARK [2][-]{subsection.2.2.1}{\376\377\004\022\004\113\004\061\004\076\004\100\000\040\004\077\004\100\004\076\004\063\004\100\004\060\004\074\004\074\004\075\004\076\004\063\004\076\000\040\004\104\004\100\004\065\004\071\004\074\004\062\004\076\004\100\004\072\004\060}{section.2.2}% 17
\BOOKMARK [2][-]{subsection.2.2.2}{\376\377\004\040\004\065\004\060\004\073\004\070\004\067\004\076\004\062\004\060\004\075\004\075\004\060\004\117\000\040\004\074\004\076\004\064\004\065\004\073\004\114}{section.2.2}% 18
\BOOKMARK [0][-]{chapter.3}{\376\377\004\055\004\072\004\101\004\077\004\065\004\100\004\070\004\074\004\065\004\075\004\102\004\060\004\073\004\114\004\075\004\060\004\117\000\040\004\107\004\060\004\101\004\102\004\114}{}% 19
\BOOKMARK [1][-]{section.3.1}{\376\377\004\032\004\076\004\100\004\077\004\103\004\101\000\040\000C\000o\000N\000L\000L\000\040\0002\0000\0000\0003}{chapter.3}% 20
\BOOKMARK [1][-]{section.3.2}{\376\377\004\041\004\070\004\075\004\102\004\060\004\072\004\102\004\070\004\072\004\076\000-\004\101\004\065\004\074\004\060\004\075\004\102\004\070\004\107\004\065\004\101\004\072\004\070\004\065\000\040\004\077\004\100\004\070\004\067\004\075\004\060\004\072\004\070\000\040\000C\000o\000m\000p\000r\000e\000n\000o}{chapter.3}% 21
\BOOKMARK [1][-]{section.3.3}{\376\377\004\055\004\072\004\101\004\077\004\065\004\100\004\070\004\074\004\065\004\075\004\102\004\113\000\040\004\061\004\065\004\067\000\040\004\101\004\070\004\075\004\102\004\060\004\072\004\102\004\070\004\072\004\076\000-\004\101\004\065\004\074\004\060\004\075\004\102\004\070\004\107\004\065\004\101\004\072\004\070\004\105\000\040\004\077\004\100\004\070\004\067\004\075\004\060\004\072\004\076\004\062}{chapter.3}% 22
\BOOKMARK [1][-]{section.3.4}{\376\377\004\055\004\072\004\101\004\077\004\065\004\100\004\070\004\074\004\065\004\075\004\102\004\113\000\040\004\101\000\040\004\101\004\070\004\075\004\102\004\060\004\072\004\102\004\070\004\072\004\076\000-\004\101\004\065\004\074\004\060\004\075\004\102\004\070\004\107\004\065\004\101\004\072\004\070\004\074\004\070\000\040\004\077\004\100\004\070\004\067\004\075\004\060\004\072\004\060\004\074\004\070\000\040\004\101\004\066\004\060\004\102\004\113\004\074\004\070\000\040\004\101\000\040\004\070\004\101\004\077\004\076\004\073\004\114\004\067\004\076\004\062\004\060\004\075\004\070\004\065\004\074\000\040\000S\000V\000D}{chapter.3}% 23
\BOOKMARK [1][-]{section.3.5}{\376\377\004\055\004\072\004\101\004\077\004\065\004\100\004\070\004\074\004\065\004\075\004\102\004\113\000\040\004\101\000\040\004\101\004\070\004\075\004\102\004\060\004\072\004\102\004\070\004\072\004\076\000-\004\101\004\065\004\074\004\060\004\075\004\102\004\070\004\107\004\065\004\101\004\072\004\070\004\074\004\070\000\040\004\077\004\100\004\070\004\067\004\075\004\060\004\072\004\060\004\074\004\070\000\040\004\064\004\073\004\117\000\040\004\101\004\076\004\062\004\074\004\065\004\101\004\102\004\075\004\076\000-\004\076\004\077\004\102\004\070\004\074\004\070\004\067\004\070\004\100\004\076\004\062\004\060\004\075\004\075\004\076\004\071\000\040\004\075\004\065\004\071\004\100\004\076\004\101\004\065\004\102\004\070}{chapter.3}% 24
\BOOKMARK [0][-]{section*.11}{\376\377\004\027\004\060\004\072\004\073\004\116\004\107\004\065\004\075\004\070\004\065}{}% 25
\BOOKMARK [0][-]{section*.12}{\376\377\004\041\004\077\004\070\004\101\004\076\004\072\000\040\004\070\004\073\004\073\004\116\004\101\004\102\004\100\004\060\004\106\004\070\004\071}{}% 26
\BOOKMARK [0][-]{section*.13}{\376\377\004\041\004\077\004\070\004\101\004\076\004\072\000\040\004\102\004\060\004\061\004\073\004\070\004\106}{}% 27
